<?xml version="1.0" encoding="UTF-8"?>
<!-- Generated by org.testng.reporters.JUnitReportReporter -->
<testsuite hostname="LAPTOP-HO37VHUL" failures="0" tests="2" name="com.ict.testcases.CoursesTC" time="14.855" errors="0" timestamp="2023-08-09T17:07:04 IST" skipped="0">
  <testcase classname="com.ict.testcases.CoursesTC" name="click_courses" time="7.600"/>
  <testcase classname="com.ict.testcases.CoursesTC" name="click_search" time="7.255"/>
</testsuite> <!-- com.ict.testcases.CoursesTC -->
