<?xml version="1.0" encoding="UTF-8"?>
<!-- Generated by org.testng.reporters.JUnitReportReporter -->
<testsuite hostname="LAPTOP-HO37VHUL" failures="0" tests="1" name="com.ict.testcases.Admin_AcademicTC" time="12.851" errors="0" timestamp="2023-08-09T17:07:04 IST" skipped="0">
  <testcase classname="com.ict.testcases.Admin_AcademicTC" name="admin_academic" time="12.851"/>
</testsuite> <!-- com.ict.testcases.Admin_AcademicTC -->
