<?xml version="1.0" encoding="UTF-8"?>
<!-- Generated by org.testng.reporters.JUnitReportReporter -->
<testsuite hostname="LAPTOP-HO37VHUL" failures="0" tests="2" name="com.ict.testcases.Admin_CorporateTC" time="31.291" errors="0" timestamp="2023-08-09T17:07:04 IST" skipped="0">
  <testcase classname="com.ict.testcases.Admin_CorporateTC" name="admin_corporate" time="12.181"/>
  <testcase classname="com.ict.testcases.Admin_CorporateTC" name="tbl_iterate" time="19.110"/>
</testsuite> <!-- com.ict.testcases.Admin_CorporateTC -->
