<?xml version="1.0" encoding="UTF-8"?>
<!-- Generated by org.testng.reporters.JUnitReportReporter -->
<testsuite hostname="LAPTOP-HO37VHUL" failures="0" tests="2" name="com.ict.testcases.AboutCourseTC" time="15.197" errors="0" timestamp="2023-08-09T17:07:04 IST" skipped="0">
  <testcase classname="com.ict.testcases.AboutCourseTC" name="sub_menu" time="5.931"/>
  <testcase classname="com.ict.testcases.AboutCourseTC" name="showform" time="9.266"/>
</testsuite> <!-- com.ict.testcases.AboutCourseTC -->
