<?xml version="1.0" encoding="UTF-8"?>
<!-- Generated by org.testng.reporters.JUnitReportReporter -->
<testsuite hostname="LAPTOP-HO37VHUL" failures="0" tests="2" name="com.ict.testcases.Admin_PartnershipTC" time="20.617" errors="0" timestamp="2023-08-09T16:36:14 IST" skipped="0">
  <testcase classname="com.ict.testcases.Admin_PartnershipTC" name="showpartnershippage" time="10.184"/>
  <testcase classname="com.ict.testcases.Admin_PartnershipTC" name="downloadpartnershiplist" time="10.433"/>
</testsuite> <!-- com.ict.testcases.Admin_PartnershipTC -->
